9787535436139
9787806646397
9787502815226
9787506037648
9787511005724
9787301150894
9787301239896
9787544267618
9787020044368
9787567718418
9787567718425
9787300101286
9787564094737
9787504963789
9787532756728
9787564092108
9787530209158
9787530209653
9787507528053
9787544711319
9787561345818
9787540440695
9787544248174
9787508647791
9787020051700
9787100056106
9787509543597
9787544704601
9787530211175
9787535432087
9787544711630
9787530212349
9787111460022
9787108017444
9787509524893
9787508616773
9787020084357
9787540451226
9787530209141
9787111304418
9787229005757
9787301239902
9787535412683
9787540211981
9787802208346
9787020070053
9787547011478
9787532146307
9787507533927
9787301239919
9787508618081
9787543666252
9787543647534
9787540460075
9787214048202
9787801277480
9787533935504
9787506342551
9787507528480
9787540446802
9787535459350
9787539631035
9787535449467
9787801388025
9787535446381
9787515500133
9787020069200
9787020101566
9787101046120
9787514143096
9787802442863
9787533930660
9787544710688
9787807592112
9787020097432
9787807635840
9787111177678
9787802514331
9787020065394
9787543636392
9787802205024
9787530212318
9787020083312
9787506365680
9787506032568
9787535443120
9787561339114
9787806769034
9787508622545
9787300088549
9787544238151
9787508631691
9787535441072
9787535888402
9787508600352
9787807027577
9787550214156
9787544708968
9787514112405
9787539931494
9787122042163
9787544244428
9787536693906
9787111133032
9787540454302
9787538262544
9787540455989
9787111430025
9787508632018
9787532743513
9787020051564
9787544255080
9787544714402
9787509527740
9787115299970
9787510109386
9787547000564
